<?xml version="1.0" encoding="UTF-8"?>
<!-- Generated by org.testng.reporters.JUnitXMLReporter -->
<testsuite ignored="0" hostname="LAPTOP-VCDK91J5" failures="0" tests="5" name="Test" time="31.479" errors="0" timestamp="2022-08-08T18:32:31 IST">
  <testcase classname="com.SauceDemo.TestClasses.TC001_VerifyLoginFunctionality" name="loginFunctionality" time="0.042"/>
  <testcase classname="com.SauceDemo.TestClasses.TC002_VerifyLogoutFunctionality" name="logoutFunctionality" time="0.689"/>
  <testcase classname="com.SauceDemo.TestClasses.TC003_VerifyAddTocartForOneProduct" name="verifyAddTocartForOneProduct" time="5.592"/>
  <testcase classname="com.SauceDemo.TestClasses.TC004_VerifyAddtocartForMultipleProducts" name="addtocartForMultipleProducts" time="0.697"/>
  <testcase classname="com.SauceDemo.TestClasses.TC005_VerifyFilterDropDownButton" name="filterDropDownMethod" time="0.408"/>
</testsuite> <!-- Test -->
