<?xml version="1.0" encoding="UTF-8"?>
<!-- Generated by org.testng.reporters.JUnitXMLReporter -->
<testsuite ignored="0" hostname="BhushanPathak" failures="0" tests="5" name="Test" time="47.976" errors="0" timestamp="2022-09-14T17:41:26 IST">
  <testcase classname="com.SauceDemo.TestClasses.TC001_VerifyLoginFunctionality" name="loginFunctionality" time="0.034"/>
  <testcase classname="com.SauceDemo.TestClasses.TC002_VerifyLogoutFunctionality" name="logoutFunctionality" time="0.723"/>
  <testcase classname="com.SauceDemo.TestClasses.TC003_VerifyAddTocartForOneProduct" name="verifyAddTocartForOneProduct" time="5.523"/>
  <testcase classname="com.SauceDemo.TestClasses.TC004_VerifyAddtocartForMultipleProducts" name="addtocartForMultipleProducts" time="1.778"/>
  <testcase classname="com.SauceDemo.TestClasses.TC005_VerifyFilterDropDownButton" name="filterDropDownMethod" time="0.853"/>
</testsuite> <!-- Test -->
