<?xml version="1.0" encoding="UTF-8"?>
<testng-results ignored="0" total="5" passed="5" failed="0" skipped="0">
  <reporter-output>
  </reporter-output>
  <suite started-at="2022-09-14T17:40:38 IST" name="Suite" finished-at="2022-09-14T17:41:26 IST" duration-ms="47976">
    <groups>
    </groups>
    <test started-at="2022-09-14T17:40:38 IST" name="Test" finished-at="2022-09-14T17:41:26 IST" duration-ms="47976">
      <class name="com.SauceDemo.TestClasses.TC004_VerifyAddtocartForMultipleProducts">
        <test-method is-config="true" signature="setUp(java.lang.String)[pri:0, instance:com.SauceDemo.TestClasses.TC004_VerifyAddtocartForMultipleProducts@42e99e4a]" started-at="2022-09-14T17:41:09 IST" name="setUp" finished-at="2022-09-14T17:41:15 IST" duration-ms="6249" status="PASS">
          <params>
            <param index="0">
              <value>
                <![CDATA[firefox]]>
              </value>
            </param>
          </params>
          <reporter-output>
          </reporter-output>
        </test-method> <!-- setUp -->
        <test-method signature="addtocartForMultipleProducts()[pri:0, instance:com.SauceDemo.TestClasses.TC004_VerifyAddtocartForMultipleProducts@42e99e4a]" started-at="2022-09-14T17:41:15 IST" name="addtocartForMultipleProducts" finished-at="2022-09-14T17:41:17 IST" duration-ms="1778" status="PASS">
          <reporter-output>
          </reporter-output>
        </test-method> <!-- addtocartForMultipleProducts -->
        <test-method is-config="true" signature="tearDown()[pri:0, instance:com.SauceDemo.TestClasses.TC004_VerifyAddtocartForMultipleProducts@42e99e4a]" started-at="2022-09-14T17:41:17 IST" name="tearDown" finished-at="2022-09-14T17:41:18 IST" duration-ms="944" status="PASS">
          <reporter-output>
          </reporter-output>
        </test-method> <!-- tearDown -->
      </class> <!-- com.SauceDemo.TestClasses.TC004_VerifyAddtocartForMultipleProducts -->
      <class name="com.SauceDemo.TestClasses.TC003_VerifyAddTocartForOneProduct">
        <test-method is-config="true" signature="setUp(java.lang.String)[pri:0, instance:com.SauceDemo.TestClasses.TC003_VerifyAddTocartForOneProduct@4d9e68d0]" started-at="2022-09-14T17:40:55 IST" name="setUp" finished-at="2022-09-14T17:41:02 IST" duration-ms="7189" status="PASS">
          <params>
            <param index="0">
              <value>
                <![CDATA[firefox]]>
              </value>
            </param>
          </params>
          <reporter-output>
          </reporter-output>
        </test-method> <!-- setUp -->
        <test-method signature="verifyAddTocartForOneProduct()[pri:0, instance:com.SauceDemo.TestClasses.TC003_VerifyAddTocartForOneProduct@4d9e68d0]" started-at="2022-09-14T17:41:02 IST" name="verifyAddTocartForOneProduct" finished-at="2022-09-14T17:41:08 IST" duration-ms="5523" status="PASS">
          <reporter-output>
          </reporter-output>
        </test-method> <!-- verifyAddTocartForOneProduct -->
        <test-method is-config="true" signature="tearDown()[pri:0, instance:com.SauceDemo.TestClasses.TC003_VerifyAddTocartForOneProduct@4d9e68d0]" started-at="2022-09-14T17:41:08 IST" name="tearDown" finished-at="2022-09-14T17:41:09 IST" duration-ms="801" status="PASS">
          <reporter-output>
          </reporter-output>
        </test-method> <!-- tearDown -->
      </class> <!-- com.SauceDemo.TestClasses.TC003_VerifyAddTocartForOneProduct -->
      <class name="com.SauceDemo.TestClasses.TC001_VerifyLoginFunctionality">
        <test-method is-config="true" signature="setUp(java.lang.String)[pri:0, instance:com.SauceDemo.TestClasses.TC001_VerifyLoginFunctionality@41fbdac4]" started-at="2022-09-14T17:40:38 IST" name="setUp" finished-at="2022-09-14T17:40:46 IST" duration-ms="8167" status="PASS">
          <params>
            <param index="0">
              <value>
                <![CDATA[firefox]]>
              </value>
            </param>
          </params>
          <reporter-output>
          </reporter-output>
        </test-method> <!-- setUp -->
        <test-method signature="loginFunctionality()[pri:0, instance:com.SauceDemo.TestClasses.TC001_VerifyLoginFunctionality@41fbdac4]" started-at="2022-09-14T17:40:46 IST" name="loginFunctionality" finished-at="2022-09-14T17:40:46 IST" duration-ms="34" status="PASS">
          <reporter-output>
          </reporter-output>
        </test-method> <!-- loginFunctionality -->
        <test-method is-config="true" signature="tearDown()[pri:0, instance:com.SauceDemo.TestClasses.TC001_VerifyLoginFunctionality@41fbdac4]" started-at="2022-09-14T17:40:46 IST" name="tearDown" finished-at="2022-09-14T17:40:47 IST" duration-ms="1002" status="PASS">
          <reporter-output>
          </reporter-output>
        </test-method> <!-- tearDown -->
      </class> <!-- com.SauceDemo.TestClasses.TC001_VerifyLoginFunctionality -->
      <class name="com.SauceDemo.TestClasses.TC002_VerifyLogoutFunctionality">
        <test-method is-config="true" signature="setUp(java.lang.String)[pri:0, instance:com.SauceDemo.TestClasses.TC002_VerifyLogoutFunctionality@1d9b7cce]" started-at="2022-09-14T17:40:47 IST" name="setUp" finished-at="2022-09-14T17:40:53 IST" duration-ms="6137" status="PASS">
          <params>
            <param index="0">
              <value>
                <![CDATA[firefox]]>
              </value>
            </param>
          </params>
          <reporter-output>
          </reporter-output>
        </test-method> <!-- setUp -->
        <test-method signature="logoutFunctionality()[pri:0, instance:com.SauceDemo.TestClasses.TC002_VerifyLogoutFunctionality@1d9b7cce]" started-at="2022-09-14T17:40:53 IST" name="logoutFunctionality" finished-at="2022-09-14T17:40:54 IST" duration-ms="723" status="PASS">
          <reporter-output>
          </reporter-output>
        </test-method> <!-- logoutFunctionality -->
        <test-method is-config="true" signature="tearDown()[pri:0, instance:com.SauceDemo.TestClasses.TC002_VerifyLogoutFunctionality@1d9b7cce]" started-at="2022-09-14T17:40:54 IST" name="tearDown" finished-at="2022-09-14T17:40:55 IST" duration-ms="959" status="PASS">
          <reporter-output>
          </reporter-output>
        </test-method> <!-- tearDown -->
      </class> <!-- com.SauceDemo.TestClasses.TC002_VerifyLogoutFunctionality -->
      <class name="com.SauceDemo.TestClasses.TC005_VerifyFilterDropDownButton">
        <test-method is-config="true" signature="setUp(java.lang.String)[pri:0, instance:com.SauceDemo.TestClasses.TC005_VerifyFilterDropDownButton@14dd9eb7]" started-at="2022-09-14T17:41:18 IST" name="setUp" finished-at="2022-09-14T17:41:24 IST" duration-ms="6624" status="PASS">
          <params>
            <param index="0">
              <value>
                <![CDATA[firefox]]>
              </value>
            </param>
          </params>
          <reporter-output>
          </reporter-output>
        </test-method> <!-- setUp -->
        <test-method signature="filterDropDownMethod()[pri:0, instance:com.SauceDemo.TestClasses.TC005_VerifyFilterDropDownButton@14dd9eb7]" started-at="2022-09-14T17:41:24 IST" name="filterDropDownMethod" finished-at="2022-09-14T17:41:25 IST" duration-ms="853" status="PASS">
          <reporter-output>
          </reporter-output>
        </test-method> <!-- filterDropDownMethod -->
        <test-method is-config="true" signature="tearDown()[pri:0, instance:com.SauceDemo.TestClasses.TC005_VerifyFilterDropDownButton@14dd9eb7]" started-at="2022-09-14T17:41:25 IST" name="tearDown" finished-at="2022-09-14T17:41:26 IST" duration-ms="956" status="PASS">
          <reporter-output>
          </reporter-output>
        </test-method> <!-- tearDown -->
      </class> <!-- com.SauceDemo.TestClasses.TC005_VerifyFilterDropDownButton -->
    </test> <!-- Test -->
  </suite> <!-- Suite -->
</testng-results>
