<?xml version="1.0" encoding="UTF-8"?>
<testng-results ignored="0" total="1" passed="1" failed="0" skipped="0">
  <reporter-output>
  </reporter-output>
  <suite started-at="2022-10-05T16:31:36 IST" name="Suite" finished-at="2022-10-05T16:31:41 IST" duration-ms="5275">
    <groups>
    </groups>
    <test started-at="2022-10-05T16:31:36 IST" name="Test" finished-at="2022-10-05T16:31:41 IST" duration-ms="5275">
      <class name="com.SauceDemo.TestClasses.TC006_VerifyCheckOutOption">
        <test-method is-config="true" signature="setUp(java.lang.String)[pri:0, instance:com.SauceDemo.TestClasses.TC006_VerifyCheckOutOption@393671df]" started-at="2022-10-05T16:31:36 IST" name="setUp" finished-at="2022-10-05T16:31:41 IST" duration-ms="4854" status="PASS">
          <params>
            <param index="0">
              <value>
                <![CDATA[chrome]]>
              </value>
            </param>
          </params>
          <reporter-output>
          </reporter-output>
        </test-method> <!-- setUp -->
        <test-method signature="VerifyCheckoutButton()[pri:0, instance:com.SauceDemo.TestClasses.TC006_VerifyCheckOutOption@393671df]" started-at="2022-10-05T16:31:41 IST" name="VerifyCheckoutButton" finished-at="2022-10-05T16:31:41 IST" duration-ms="375" status="PASS">
          <reporter-output>
          </reporter-output>
        </test-method> <!-- VerifyCheckoutButton -->
      </class> <!-- com.SauceDemo.TestClasses.TC006_VerifyCheckOutOption -->
    </test> <!-- Test -->
  </suite> <!-- Suite -->
</testng-results>
